/usr/sbin/prelink -av -mR
Assigned virtual address space slots for libraries:
/lib/ld-linux.so.2                                           006f0000-0070b658
/lib/libc.so.6                                               0070e000-008535c4
/lib/libdl.so.2                                              00856000-00859078
/lib/libpthread.so.0                                         0085c000-008731e4
/lib/libm.so.6                                               00876000-0089c070
/lib/libselinux.so.1                                         0089f000-008b6b58
/lib/libsepol.so.1                                           008b9000-008fe960
/usr/lib/libz.so.1                                           00901000-00913a70
/lib/librt.so.1                                              00916000-0091e22c
/lib/libcrypt.so.1                                           00921000-0095213c
/lib/libnsl.so.1                                             00955000-0096b7c8
/lib/libresolv.so.2                                          0096e000-009808c8
/lib/libcom_err.so.2                                         00983000-009853cc
/lib/libkeyutils.so.1                                        00988000-0098a3f8
/lib/libcrypto.so.6                                          0098d000-00acd840
/lib/libglib-2.0.so.0                                        00ad0000-00b6ddec
/lib/libgcc_s.so.1                                           00ad0000-00adbba4
/usr/lib/libplds4.so                                         00947000-009491e0
/usr/lib/libgssapi_krb5.so.2                                 00b70000-00b9dd9c
/usr/lib/libnssutil3.so                                      00921000-00938ad8
/usr/lib/libnss3.so                                          00c6b000-00d8e498
/usr/lib/libnspr4.so                                         0098d000-009c5dc0
/usr/lib/libplc4.so                                          0093b000-0093e1c8
/usr/lib/libkrb5.so.3                                        00bab000-00c40648
/usr/lib/libk5crypto.so.3                                    00c43000-00c68da0
/usr/lib/libkrb5support.so.0                                 00ba0000-00ba8824
/lib/libcap.so.1                                             00941000-00944574
/lib/libssl.so.6                                             00ade000-00b24428
/lib/libaudit.so.0                                           00876000-0089011c
/usr/lib/libpopt.so.0                                        00955000-0095cc70
/lib/libgobject-2.0.so.0                                     00d91000-00dcfec4
/lib/libdbus-1.so.3                                          00101000-0013f480
/usr/lib/libstdc++.so.6                                      00c6b000-00d55cb8
/usr/lib/libelf.so.1                                         0095f000-009750b8
/lib/libpam.so.0                                             0095f000-00969380
/usr/lib/libbz2.so.1                                         00b27000-00b37e08
/usr/lib/libhal.so.1                                         0089f000-008a982c
/usr/lib/libncurses.so.5                                     00d58000-00da0904
/usr/lib/libjpeg.so.62                                       0089f000-008c077c
/usr/lib/libdbus-glib-1.so.2                                 008ac000-008c89e0
/usr/lib/libsmime3.so                                        009c8000-009eef30
/lib/libgmodule-2.0.so.0                                     00dd2000-00dd4210
/usr/lib/mysql/libmysqlclient.so.15                          00101000-00264bc4
/usr/lib/libssl3.so                                          008cb000-008fcb6c
/usr/lib/libsqlite3.so.0                                     00a4e000-00aac2e0
/usr/lib/librpmio-4.4.so                                     009c8000-00a4be20
/usr/lib/librpmdb-4.4.so                                     00b3a000-00c515e0
/usr/lib/libtiff.so.3                                        00916000-0096dea0
/lib/libuuid.so.1                                            00901000-009041f8
/lib/libdevmapper.so.1.02                                    00876000-0088d5a0
/lib/libpam_misc.so.0                                        00893000-00895c68
/usr/lib/libgettextlib-0.14.6.so                             0085c000-00870c48
/lib/libexpat.so.0                                           00c6b000-00c8bd5c
/lib/libattr.so.1                                            00901000-009052a0
/usr/lib/libuser.so.1                                        0096c000-00981f24
/usr/lib/libgettextsrc-0.14.6.so                             00873000-008a3ecc
/usr/lib/libbfd-2.17.50.0.6-12.el5.so                        00856000-00908b70
/usr/lib/libfreetype.so.6                                    00c8e000-00d0df88
/lib/libproc-3.2.7.so                                        0085c000-0087c9d8
/lib/libacl.so.1                                             00908000-0090ea98
/usr/lib/libreadline.so.5                                    00b3a000-00b6daf4
/usr/lib/libfontconfig.so.1                                  00d10000-00d3ed64
/usr/lib/libncursesw.so.5                                    0089f000-008ef9e4
/usr/lib/librpm-4.4.so                                       00101000-00191900
/usr/lib/courier-authlib/libcourierauth.so.0                 0085c000-008665c4
/usr/lib/libecryptfs.so.0                                    00876000-00892dec
/lib/libutil.so.1                                            00983000-0098608c
/lib/libgthread-2.0.so.0                                     00907000-0090b460
/lib/libext2fs.so.2                                          00921000-0093d778
/lib/libblkid.so.1                                           00890000-00899c40
/lib/libdb-4.3.so                                            00ad0000-00bc753c
/lib/libpcre.so.0                                            00da3000-00dbf5d0
/lib/libe2p.so.2                                             00907000-0090cbd0
/lib/libiw.so.28                                             00856000-0085d844
/usr/lib/libgpg-error.so.0                                   00955000-009588b4
/usr/lib/libXdmcp.so.6                                       008eb000-008f03d4
/usr/lib/libhal-storage.so.1                                 00876000-0087fdf8
/usr/lib/libpng12.so.0                                       008c3000-008e8e24
/usr/lib/libXau.so.6                                         008f3000-008f5a24
/lib/libtermcap.so.2                                         0085c000-0085f8e8
/usr/lib/libX11.so.6                                         00101000-00203f68
/usr/lib/libxml2.so.2                                        00101000-00232754
/usr/lib/libgcrypt.so.11                                     009f1000-00a71c4c
/usr/lib/libidn.so.11                                        00c6b000-00c9bd10
/usr/lib/libdw.so.1                                          0085c000-008876f4
/usr/lib/libgdbm.so.2                                        00869000-0086f818
/usr/lib/libslang.so.2                                       00988000-00a575a8
/usr/lib/libpango-1.0.so.0                                   00d41000-00d7f78c
/usr/lib/libnal.so.1                                         0085c000-00864a7c
/usr/lib/libsasl2.so.2                                       00b27000-00b3f848
/usr/lib/libpangoft2-1.0.so.0                                00206000-00233ba4
/usr/lib/libnm-util.so.1                                     009f1000-00a22d54
/usr/lib/libgdk_pixbuf-2.0.so.0                              0089f000-008b5534
/usr/lib/libgpm.so.1                                         00911000-00916ae0
/usr/lib/libqpol.so.1                                        00916000-0099b5e4
/usr/lib/libdistcache.so.1                                   00867000-0086b258
/usr/lib/libdaemon.so.0                                      00876000-0087bc20
/usr/lib/libXrender.so.1                                     008b8000-008c04a8
/usr/lib/libnuma.so.1                                        00856000-0085a428
/usr/lib/libclamav.so.6                                      00983000-00a4b5d8
/usr/lib/libsysfs.so.2                                       00890000-0089a9d0
/usr/lib/libfam.so.0                                         0089f000-008a5400
/usr/lib/libapol.so.3                                        0099e000-009cbf24
/lib/libdevmapper-event.so.1.02                              00890000-008931e0
/usr/lib/libnewt.so.0.52                                     0085c000-0086dea8
/usr/lib/libXext.so.6                                        00921000-0093085c
/usr/lib/libgdk-x11-2.0.so.0                                 00b70000-00bfc6ec
/usr/lib/libnm_glib.so.0                                     00876000-008967c0
/usr/lib/sse2/libgmp.so.3                                    00cdc000-00d0f92c
/usr/lib/libXinerama.so.1                                    00951000-009535dc
/usr/lib/librpmbuild-4.4.so                                  00ade000-00b0f45c
/usr/lib/libXrandr.so.2                                      008f8000-008fb4dc
/usr/lib/libgtk-x11-2.0.so.0                                 00236000-005cd9e0
/usr/lib/libXi.so.6                                          00956000-0095df00
/usr/lib/libatk-1.0.so.0                                     00933000-0094e76c
/usr/lib/libpangocairo-1.0.so.0                              00973000-0097ba40
/usr/lib/libcairo.so.2                                       005d0000-0063de38
/usr/lib/libXcursor.so.1                                     00960000-00969aec
/usr/lib/libXfixes.so.3                                      0096c000-00970938
/usr/lib/libcrack.so.2                                       00856000-00861480
/usr/lib/libcurl.so.3                                        00c9e000-00cd9e5c
/usr/lib/libusb-0.1.so.4                                     00876000-0087d618
/usr/lib/libtcl8.4.so                                        0089f000-0095ed64
/usr/lib/libhistory.so.5                                     0085c000-00863ab8
/lib/security/pam_ccreds.so                                  00898000-0089c598
/usr/lib/libXpm.so.4                                         0098d000-0099d39c
/usr/lib/perl5/5.8.8/i386-linux-thread-multi/CORE/libperl.so 00989000-00aba840
/usr/lib/libart_lgpl_2.so.2                                  00856000-0086cf90
/usr/lib/libdmraid.so.1.0.0.rc13-17                          00921000-00957d60
/usr/lib/libavahi-common.so.3                                0087e000-00889758
/lib/libwrap.so.0                                            00876000-0087ddbc
/usr/lib/librrd.so.2                                         00916000-0095fcc0
/usr/lib/libt1.so.5                                          00933000-0098aa7c
/usr/lib/courier-authlib/libcourierauthcommon.so.0           00869000-0086cde0
/usr/lib/courier-authlib/libcourierauthsasl.so.0             00856000-00858b00
/lib/libvolume_id.so.0                                       00876000-0087e304
/usr/lib/libparted-1.8.so.0                                  00921000-0098dd6c
/usr/lib/libexslt.so.0                                       0085c000-0086d704
/usr/lib/libldap-2.3.so.0                                    00c6b000-00ca4f2c
/usr/lib/libltdl.so.3                                        0086f000-008758f8
/usr/lib/libdistcacheserver.so.1                             0086e000-008714c0
/lib/libthread_db.so.1                                       00856000-0085c148
/usr/lib/libopcodes-2.17.50.0.6-12.el5.so                    0090b000-00937ff4
/usr/lib/libcups.so.2                                        0098d000-009c453c
/usr/lib/libmagic.so.1                                       00856000-008646e8
/usr/lib/libsrs2.so.0                                        00856000-0085acec
/usr/lib/libpangox-1.0.so.0                                  008c3000-008cd55c
/usr/lib/mysql/libmysqlclient_r.so.15                        00c6b000-00dd05e4
/usr/lib/liblber-2.3.so.0                                    0085c000-00869788
/usr/lib/libutempter.so.0                                    0085c000-0085dd64
/usr/lib/libSM.so.6                                          00863000-0086be10
/usr/lib/libXmu.so.6                                         0089f000-008b5fb0
/usr/lib/libt1x.so.5                                         0085c000-00860ca4
/usr/lib/libexpect5.43.so                                    00989000-009b5dfc
/usr/lib/libpangoxft-1.0.so.0                                008d0000-008d6f38
/usr/lib/liblftp-jobs.so.0                                   0089f000-008decf8
/usr/lib/libdes425.so.3                                      0085c000-0085f62c
/usr/lib/libasm.so.1                                         0085c000-00863e58
/usr/lib/libXaw.so.7                                         009fa000-00a5d790
/usr/lib/libXft.so.2                                         0089f000-008b14a0
/usr/lib/libaspell.so.15                                     008f2000-009b2460
/usr/lib/libpython2.4.so.1.0                                 00989000-00aa1de8
/usr/lib/libpoldiff.so.1                                     0085c000-0087450c
/usr/lib/libICE.so.6                                         008b8000-008d1810
/usr/lib/libavahi-core.so.4                                  0088c000-008c0a80
/usr/lib/libXt.so.6                                          009a0000-009f7774
/usr/lib/libtspi.so.1                                        00640000-006b26ec
/usr/lib/libfipscheck.so.1                                   0085c000-0085df7c
/usr/lib/libxslt.so.1                                        0089f000-008d3bdc
/usr/lib/libgnutls.so.13                                     00101000-0017d444
/usr/lib/libsefs.so.3                                        009ce000-00a1de88
/lib/libss.so.2                                              00940000-00945608
/lib/libasound.so.2                                          00921000-009ff3cc
/usr/lib/liblftp-tasks.so.0                                  00989000-00a00544
/usr/lib/libpcreposix.so.0                                   00856000-00857f48
/usr/lib/libkrb4.so.2                                        00901000-0091dcbc
/usr/lib/libgd.so.2                                          009a0000-009f2938
