Jun 21, 2010 12:20:19 AM net.sf.odinms.net.MapleServerHandler messageReceived
INFO: Got Message Sunnyhandled by NPCAnimation (8) BB 00 6F 00 00 00 03 FF
».o....ÿ
Jun 21, 2010 12:20:19 AM net.sf.odinms.net.MapleServerHandler messageReceived
INFO: Got Message Sunnyhandled by NPCAnimation (8) BB 00 65 00 00 00 03 FF
».e....ÿ
Jun 21, 2010 12:20:21 AM net.sf.odinms.net.MapleServerHandler messageReceived
INFO: Got Message Sunnyhandled by NPCAnimation (8) BB 00 66 00 00 00 02 FF
».f....ÿ
Jun 21, 2010 12:20:21 AM net.sf.odinms.net.MapleServerHandler messageReceived
INFO: Got Message Sunnyhandled by NPCAnimation (8) BB 00 70 00 00 00 02 FF
».p....ÿ
Jun 21, 2010 12:20:22 AM net.sf.odinms.net.MapleServerHandler messageReceived
INFO: Got Message Sunnyhandled by NPCTalkHandler (10) 39 00 6E 00 00 00 5F 00 13 01
9.n..._...
Jun 21, 2010 12:20:24 AM net.sf.odinms.net.MapleServerHandler messageReceived
INFO: Got Message Sunnyhandled by NPCMoreTalkHandler (8) 3B 00 04 01 04 00 00 00
;.......
Jun 21, 2010 12:20:25 AM net.sf.odinms.net.MapleServerHandler messageReceived
INFO: Got Message Sunnyhandled by NPCAnimation (8) BB 00 6E 00 00 00 02 00
».n.....
Jun 21, 2010 12:20:26 AM net.sf.odinms.net.MapleServerHandler messageReceived
INFO: Got Message Sunnyhandled by NPCAnimation (8) BB 00 6D 00 00 00 FF 02
».m...ÿ.
Jun 21, 2010 12:20:26 AM net.sf.odinms.net.MapleServerHandler messageReceived
INFO: Got Message Sunnyhandled by NPCMoreTalkHandler (4) 3B 00 04 00
;...
Jun 21, 2010 12:20:27 AM net.sf.odinms.net.MapleServerHandler messageReceived
INFO: Got Message Sunnyhandled by NPCAnimation (8) BB 00 6F 00 00 00 03 FF
».o....ÿ
Jun 21, 2010 12:20:27 AM net.sf.odinms.net.MapleServerHandler messageReceived
INFO: Got Message Sunnyhandled by NPCTalkHandler (10) 39 00 6E 00 00 00 5F 00 13 01
9.n..._...
Jun 21, 2010 12:20:27 AM net.sf.odinms.net.MapleServerHandler messageReceived
INFO: Got Message Sunnyhandled by NPCAnimation (8) BB 00 66 00 00 00 03 00
».f.....
Jun 21, 2010 12:20:28 AM net.sf.odinms.net.MapleServerHandler messageReceived
INFO: Got Message Sunnyhandled by NPCAnimation (8) BB 00 65 00 00 00 03 FF
».e....ÿ
Jun 21, 2010 12:20:28 AM net.sf.odinms.net.MapleServerHandler messageReceived
INFO: Got Message Sunnyhandled by NPCMoreTalkHandler (8) 3B 00 04 01 03 00 00 00
;.......
Jun 21, 2010 12:20:30 AM net.sf.odinms.net.MapleServerHandler messageReceived
INFO: Got Message Sunnyhandled by NPCAnimation (8) BB 00 70 00 00 00 03 01
».p.....
Jun 21, 2010 12:20:30 AM net.sf.odinms.net.MapleServerHandler messageReceived
INFO: Got Message Sunnyhandled by NPCAnimation (8) BB 00 6E 00 00 00 02 00
».n.....
Jun 21, 2010 12:20:30 AM net.sf.odinms.net.MapleServerHandler messageReceived
INFO: Got Message Sunnyhandled by NPCMoreTalkHandler (8) 3B 00 04 01 01 00 00 00
;.......
Jun 21, 2010 12:20:31 AM net.sf.odinms.net.MapleServerHandler messageReceived
INFO: Got Message Sunnyhandled by NPCAnimation (8) BB 00 6F 00 00 00 03 FF
».o....ÿ
Jun 21, 2010 12:20:31 AM net.sf.odinms.net.MapleServerHandler messageReceived
INFO: Got Message Sunnyhandled by NPCAnimation (8) BB 00 65 00 00 00 03 FF
».e....ÿ
Jun 21, 2010 12:20:31 AM net.sf.odinms.net.MapleServerHandler messageReceived
INFO: Got Message Sunnyhandled by NPCAnimation (8) BB 00 6D 00 00 00 FF 00
».m...ÿ.
Jun 21, 2010 12:20:33 AM net.sf.odinms.net.MapleServerHandler messageReceived
INFO: Got Message Sunnyhandled by NPCMoreTalkHandler (4) 3B 00 00 01
;...
Jun 21, 2010 12:20:34 AM net.sf.odinms.net.MapleServerHandler messageReceived
INFO: Got Message Sunnyhandled by NPCAnimation (8) BB 00 66 00 00 00 03 01
».f.....
Jun 21, 2010 12:20:35 AM net.sf.odinms.net.MapleServerHandler messageReceived
INFO: Got Message Sunnyhandled by NPCAnimation (8) BB 00 6F 00 00 00 02 01
».o.....
Jun 21, 2010 12:20:36 AM net.sf.odinms.net.MapleServerHandler messageReceived
INFO: Got Message Sunnyhandled by NPCAnimation (8) BB 00 65 00 00 00 03 FF
».e....ÿ
Jun 21, 2010 12:20:36 AM net.sf.odinms.net.MapleServerHandler messageReceived
INFO: Got Message Sunnyhandled by NPCAnimation (8) BB 00 70 00 00 00 03 00
».p.....
Jun 21, 2010 12:20:36 AM net.sf.odinms.net.MapleServerHandler messageReceived
INFO: Got Message Sunnyhandled by NPCAnimation (8) BB 00 6E 00 00 00 05 FF
».n....ÿ
Jun 21, 2010 12:20:38 AM net.sf.odinms.net.MapleServerHandler messageReceived
INFO: Got Message Sunnyhandled by NPCAnimation (8) BB 00 6D 00 00 00 FF 01
».m...ÿ.
Jun 21, 2010 12:20:41 AM net.sf.odinms.net.MapleServerHandler messageReceived
INFO: Got Message Sunnyhandled by NPCAnimation (8) BB 00 6F 00 00 00 02 00
».o.....
Jun 21, 2010 12:20:41 AM net.sf.odinms.net.MapleServerHandler messageReceived
INFO: Got Message Sunnyhandled by NPCAnimation (8) BB 00 66 00 00 00 02 FF
».f....ÿ
Jun 21, 2010 12:20:42 AM net.sf.odinms.net.MapleServerHandler messageReceived
INFO: Got Message Sunnyhandled by NPCAnimation (8) BB 00 6E 00 00 00 05 FF
».n....ÿ
Jun 21, 2010 12:20:42 AM net.sf.odinms.net.MapleServerHandler messageReceived
INFO: Got Message Sunnyhandled by NPCAnimation (8) BB 00 70 00 00 00 03 00
».p.....
Jun 21, 2010 12:20:44 AM net.sf.odinms.net.MapleServerHandler messageReceived
INFO: Got Message Sunnyhandled by NPCAnimation (8) BB 00 65 00 00 00 02 00
».e.....
Jun 21, 2010 12:20:45 AM net.sf.odinms.net.MapleServerHandler messageReceived
INFO: Got Message Sunnyhandled by NPCAnimation (8) BB 00 66 00 00 00 03 01
».f.....
Jun 21, 2010 12:20:46 AM net.sf.odinms.net.MapleServerHandler messageReceived
INFO: Got Message Sunnyhandled by NPCAnimation (8) BB 00 6F 00 00 00 03 FF
».o....ÿ
Jun 21, 2010 12:20:47 AM net.sf.odinms.net.MapleServerHandler messageReceived
INFO: Got Message Sunnyhandled by NPCAnimation (8) BB 00 6D 00 00 00 FF 01
».m...ÿ.
Jun 21, 2010 12:20:47 AM net.sf.odinms.net.MapleServerHandler messageReceived
INFO: Got Message Sunnyhandled by NPCAnimation (8) BB 00 70 00 00 00 03 01
».p.....
Jun 21, 2010 12:20:50 AM net.sf.odinms.net.MapleServerHandler messageReceived
INFO: Got Message Sunnyhandled by NPCAnimation (8) BB 00 65 00 00 00 02 01
».e.....
Jun 21, 2010 12:20:50 AM net.sf.odinms.net.MapleServerHandler messageReceived
INFO: Got Message Sunnyhandled by NPCAnimation (8) BB 00 6E 00 00 00 02 00
».n.....
Jun 21, 2010 12:20:52 AM net.sf.odinms.net.MapleServerHandler messageReceived
INFO: Got Message Sunnyhandled by NPCAnimation (8) BB 00 6D 00 00 00 FF 00
».m...ÿ.
Jun 21, 2010 12:20:52 AM net.sf.odinms.net.MapleServerHandler messageReceived
INFO: Got Message Sunnyhandled by NPCAnimation (8) BB 00 66 00 00 00 03 00
».f.....
Jun 21, 2010 12:20:53 AM net.sf.odinms.net.MapleServerHandler messageReceived
INFO: Got Message Sunnyhandled by NPCAnimation (8) BB 00 70 00 00 00 02 FF
».p....ÿ
Jun 21, 2010 12:20:54 AM net.sf.odinms.net.MapleServerHandler messageReceived
INFO: Got Message Sunnyhandled by NPCAnimation (8) BB 00 6F 00 00 00 03 FF
».o....ÿ
Jun 21, 2010 12:20:55 AM net.sf.odinms.net.MapleServerHandler messageReceived
INFO: Got Message Sunnyhandled by NPCAnimation (8) BB 00 65 00 00 00 03 FF
».e....ÿ
Jun 21, 2010 12:20:56 AM net.sf.odinms.net.MapleServerHandler messageReceived
INFO: Got Message Sunnyhandled by NPCAnimation (8) BB 00 70 00 00 00 02 FF
».p....ÿ
Jun 21, 2010 12:20:57 AM net.sf.odinms.net.MapleServerHandler messageReceived
INFO: Got Message Sunnyhandled by NPCAnimation (8) BB 00 6F 00 00 00 03 FF
».o....ÿ
Jun 21, 2010 12:20:57 AM net.sf.odinms.net.MapleServerHandler messageReceived
INFO: Got Message Sunnyhandled by NPCAnimation (8) BB 00 6E 00 00 00 03 FF
».n....ÿ
Jun 21, 2010 12:20:59 AM net.sf.odinms.net.MapleServerHandler messageReceived
INFO: Got Message Sunnyhandled by NPCAnimation (8) BB 00 66 00 00 00 02 FF
».f....ÿ
Jun 21, 2010 12:21:00 AM net.sf.odinms.net.MapleServerHandler messageReceived
INFO: Got Message Sunnyhandled by NPCAnimation (8) BB 00 6D 00 00 00 FF 00
».m...ÿ.
Jun 21, 2010 12:21:00 AM net.sf.odinms.net.MapleServerHandler messageReceived
INFO: Got Message Sunnyhandled by NPCAnimation (8) BB 00 6E 00 00 00 06 FF
».n....ÿ
Jun 21, 2010 12:21:02 AM net.sf.odinms.net.MapleServerHandler messageReceived
INFO: Got Message Sunnyhandled by NPCAnimation (8) BB 00 70 00 00 00 02 FF
».p....ÿ
Jun 21, 2010 12:21:03 AM net.sf.odinms.net.MapleServerHandler messageReceived
INFO: Got Message Sunnyhandled by NPCAnimation (8) BB 00 6F 00 00 00 03 FF
».o....ÿ
Jun 21, 2010 12:21:04 AM net.sf.odinms.net.MapleServerHandler messageReceived
INFO: Got Message Sunnyhandled by NPCAnimation (8) BB 00 65 00 00 00 02 00
».e.....
Jun 21, 2010 12:21:04 AM net.sf.odinms.net.MapleServerHandler messageReceived
INFO: Got Message Sunnyhandled by NPCTalkHandler (10) 39 00 6E 00 00 00 5F 00 13 01
9.n..._...
Jun 21, 2010 12:21:06 AM net.sf.odinms.net.MapleServerHandler messageReceived
INFO: Got Message Sunnyhandled by NPCAnimation (8) BB 00 6D 00 00 00 FF 00
».m...ÿ.
Jun 21, 2010 12:21:07 AM net.sf.odinms.net.MapleServerHandler messageReceived
INFO: Got Message Sunnyhandled by NPCMoreTalkHandler (8) 3B 00 04 01 04 00 00 00
;.......
Jun 21, 2010 12:21:07 AM net.sf.odinms.net.MapleServerHandler messageReceived
INFO: Got Message Sunnyhandled by NPCAnimation (8) BB 00 6E 00 00 00 02 00
».n.....
Jun 21, 2010 12:21:08 AM net.sf.odinms.net.MapleServerHandler messageReceived
INFO: Got Message Sunnyhandled by NPCAnimation (8) BB 00 66 00 00 00 03 01
».f.....
Jun 21, 2010 12:21:09 AM net.sf.odinms.net.MapleServerHandler messageReceived
INFO: Got Message Sunnyhandled by NPCMoreTalkHandler (4) 3B 00 04 00
;...
Jun 21, 2010 12:21:10 AM net.sf.odinms.net.MapleServerHandler messageReceived
INFO: Got Message Sunnyhandled by NPCAnimation (8) BB 00 70 00 00 00 02 FF
».p....ÿ
Jun 21, 2010 12:21:10 AM net.sf.odinms.net.MapleServerHandler messageReceived
INFO: Got Message Sunnyhandled by NPCAnimation (8) BB 00 65 00 00 00 03 FF
».e....ÿ
Jun 21, 2010 12:21:10 AM net.sf.odinms.net.MapleServerHandler messageReceived
INFO: Got Message Sunnyhandled by NPCTalkHandler (10) 39 00 6E 00 00 00 5F 00 13 01
9.n..._...
Jun 21, 2010 12:21:11 AM net.sf.odinms.net.MapleServerHandler messageReceived
INFO: Got Message Sunnyhandled by NPCAnimation (8) BB 00 6F 00 00 00 02 01
».o.....
Jun 21, 2010 12:21:12 AM net.sf.odinms.net.MapleServerHandler messageReceived
INFO: Got Message Sunnyhandled by NPCMoreTalkHandler (8) 3B 00 04 01 03 00 00 00
;.......
Jun 21, 2010 12:21:13 AM net.sf.odinms.net.MapleServerHandler messageReceived
INFO: Got Message Sunnyhandled by NPCMoreTalkHandler (8) 3B 00 04 01 01 00 00 00
;.......
Jun 21, 2010 12:21:15 AM net.sf.odinms.net.MapleServerHandler messageReceived
INFO: Got Message Sunnyhandled by NPCAnimation (8) BB 00 66 00 00 00 03 00
».f.....
Jun 21, 2010 12:21:15 AM net.sf.odinms.net.MapleServerHandler messageReceived
INFO: Got Message Sunnyhandled by NPCAnimation (8) BB 00 6D 00 00 00 FF 02
».m...ÿ.
Jun 21, 2010 12:21:16 AM net.sf.odinms.net.MapleServerHandler messageReceived
INFO: Got Message Sunnyhandled by NPCAnimation (8) BB 00 6E 00 00 00 04 FF
».n....ÿ
Jun 21, 2010 12:21:16 AM net.sf.odinms.net.MapleServerHandler messageReceived
INFO: Got Message Sunnyhandled by NPCMoreTalkHandler (4) 3B 00 00 01
;...
Jun 21, 2010 12:21:16 AM net.sf.odinms.net.MapleServerHandler messageReceived
INFO: Got Message Sunnyhandled by NPCAnimation (8) BB 00 6F 00 00 00 02 01
».o.....
Jun 21, 2010 12:21:18 AM net.sf.odinms.net.MapleServerHandler messageReceived
INFO: Got Message Sunnyhandled by NPCAnimation (8) BB 00 70 00 00 00 03 01
».p.....
Jun 21, 2010 12:21:19 AM net.sf.odinms.net.MapleServerHandler messageReceived
INFO: Got Message Sunnyhandled by NPCAnimation (8) BB 00 65 00 00 00 02 01
».e.....
Jun 21, 2010 12:21:22 AM net.sf.odinms.net.MapleServerHandler messageReceived
INFO: Got Message Sunnyhandled by NPCAnimation (8) BB 00 6F 00 00 00 02 01
».o.....
Jun 21, 2010 12:21:22 AM net.sf.odinms.net.MapleServerHandler messageReceived
INFO: Got Message Sunnyhandled by NPCAnimation (8) BB 00 66 00 00 00 02 FF
».f....ÿ
Jun 21, 2010 12:21:22 AM net.sf.odinms.net.MapleServerHandler messageReceived
INFO: Got Message Sunnyhandled by NPCAnimation (8) BB 00 6D 00 00 00 FF 02
».m...ÿ.
Jun 21, 2010 12:21:24 AM net.sf.odinms.net.MapleServerHandler messageReceived
INFO: Got Message Sunnyhandled by NPCAnimation (8) BB 00 6E 00 00 00 02 00
».n.....
Jun 21, 2010 12:21:26 AM net.sf.odinms.net.MapleServerHandler messageReceived
INFO: Got Message Sunnyhandled by NPCAnimation (8) BB 00 70 00 00 00 03 00
».p.....
Jun 21, 2010 12:21:27 AM net.sf.odinms.net.MapleServerHandler messageReceived
INFO: Got Message Sunnyhandled by NPCAnimation (8) BB 00 66 00 00 00 03 00
».f.....
Jun 21, 2010 12:21:28 AM net.sf.odinms.net.MapleServerHandler messageReceived
INFO: Got Message Sunnyhandled by NPCAnimation (8) BB 00 65 00 00 00 02 01
».e.....
